00:03 ronanplayz15: why dont the animals move?
00:04 GlennFTW    : i dont know
00:15 GlennFTW  : fixed animals
00:16 GlennFTW  : spawn
00:17 ronanplayz15: spawn?
00:17 GlennFTW    : we need to build
00:17 ronanplayz15: any theme or?
00:19 ronanplayz15: yo u ever had popeyes?
00:19 GlennFTW    : yes
00:19 ronanplayz15: is it nice? theres one being built in my area lmao
00:19 GlennFTW    : its ok
00:20 ronanplayz15: aight
00:22 GlennFTW    : build it then
00:23 ronanplayz15: i cant build to for shit lmao
00:23 GlennFTW    : yeah im not building that
00:31 GlennFTW    :  placed a sign @ world: x-57, z-151
  [1]
  Do not Cheat.
00:31 GlennFTW    :  placed a sign @ world: x-56, z-151
  [2]
  Do not harass
00:31 GlennFTW    :  placed a sign @ world: x-56, z-151
  [2]
  Do not harass.
00:31 GlennFTW    :  placed a sign @ world: x-55, z-151
  [3]
  Do not grief 
  spawn.
00:31 GlennFTW    :  placed a sign @ world: x-54, z-151
  [4]
  Do not grief 
00:32 GlennFTW    :  placed a sign @ world: x-54, z-151
  [4]
  Do not spawn kill.
00:32 GlennFTW    :  placed a sign @ world: x-53, z-151
  [5]
  Do not talk about
  religion.
00:32 GlennFTW    :  placed a sign @ world: x-57, z-151
  [6]
  Do not talk 
  Sexually.
00:33 GlennFTW    :  placed a sign @ world: x-58, z-151
  [1]
  Do not cheat
00:33 GlennFTW    :  placed a sign @ world: x-57, z-151
  [2]
  Do not harass.
00:33 GlennFTW    :  placed a sign @ world: x-56, z-151
  [3]
  Do not grief
  spawn.
00:33 GlennFTW    :  placed a sign @ world: x-55, z-151
  [4]
  Do not spawn kill.
00:33 GlennFTW    :  placed a sign @ world: x-54, z-151
  [5]
  Do not talk about
  religion.
00:34 GlennFTW    :  placed a sign @ world: x-53, z-151
  [6]
  Do not talk
  sexually.
00:34 GlennFTW    :  placed a sign @ world: x-58, z-151
  [7]
  PG 13+
00:34 GlennFTW    :  placed a sign @ world: x-57, z-151
  [8]
  Do not use
  Baritone
00:34 GlennFTW    :  placed a sign @ world: x-56, z-151
  [9]
  Stealing is
  allowed, griefing
  is not.
00:35 GlennFTW    :  placed a sign @ world: x-55, z-151
  [10]
  Requests for
  unfair advantage
  lead to ban.
00:35 GlennFTW    :  placed a sign @ world: x-54, z-151
  [11]
  Don't ask for
  commands you
  are not permitted.
00:36 GlennFTW    :  placed a sign @ world: x-53, z-151
  [12]
  Refrain from
  rquesting plugin
  information.
00:36 GlennFTW    :  placed a sign @ world: x-58, z-151
  [13]
  The end is closed
  for balanced
  play. Will be open 
00:37 GlennFTW    :  placed a sign @ world: x-57, z-151
  [13]
  soon for 
  everyones'
  fair progress.
00:37 GlennFTW    :  placed a sign @ world: x-56, z-151
  [14]
  No X-ray or
  full bright
  texture packs.
00:37 GlennFTW    :  placed a sign @ world: x-55, z-151
  [15]
  No spamming chat
  even if fell in
  lava & relogging
00:38 GlennFTW    :  placed a sign @ world: x-54, z-151
  [16]
  Do not complain,
  if you have issue
  DM for appeal
00:39 GlennFTW    :  placed a sign @ world: x-53, z-151
  [17]
  Do not spawn the 
  wither near 
  spawn
00:39 ronanplayz15: me bed
00:40 GlennFTW    :  placed a sign @ world: x-53, z-148
  &4&lOᴡɴᴇʀ&f&l
  GlennFTW
00:41 GlennFTW    :  placed a sign @ world: x-53, z-148
  Oᴡɴᴇʀ
  GlennFTW
00:41 GlennFTW    :  placed a sign @ world: x-53, z-148
  Oᴡɴᴇʀ
  GlennFTW
00:44 GlennFTW    :  placed a sign @ world: x-54, z-148
  ＣᴏOᴡɴᴇʀ
00:44 GlennFTW    :  placed a sign @ world: x-54, z-148
  ＣᴏＯᴡɴᴇʀ
00:45 GlennFTW    :  placed a sign @ world: x-54, z-148
  Ｓᴜʙｏᴡɴᴇʀ
00:47 GlennFTW    :  placed a sign @ world: x-54, z-148
  Co-Oᴡɴᴇʀ
  ronanplayz15
00:49 GlennFTW    :  placed a sign @ world: x-55, z-148
  Dᴇᴠᴇʟᴏᴘᴇʀ
  n/a
00:49 GlennFTW    :  placed a sign @ world: x-56, z-148
  Aᴅᴍɪɴ
  n/a
00:49 GlennFTW    :  placed a sign @ world: x-57, z-148
  Hᴇʟᴘᴇʀ
  n/a
00:50 GlennFTW    :  placed a sign @ world: x-55, z-148
  Dᴇᴠᴇʟᴏᴘᴇʀ
  n/a
  1 slot
00:50 GlennFTW    :  placed a sign @ world: x-56, z-148
  Aᴅᴍɪɴ
  n/a
  1 slot
00:50 GlennFTW    :  placed a sign @ world: x-57, z-148
  Hᴇʟᴘᴇʀ
  n/a
  1 slot
00:55 GlennFTW    : what do we need to add
00:55 ronanplayz15: bitch
00:55 GlennFTW    : ?
00:56 ronanplayz15: u punching me lmao
00:56 GlennFTW    : what do we need to add
00:57 ronanplayz15: do we have the /rtp to tp anywhere in the wild or no?
00:57 GlennFTW    : ./tpr
00:58 ronanplayz15: you should add one of these things say do /tpr to begin playing or something
00:58 ronanplayz15: there we go
01:02 GlennFTW    : whitefoxhacker said "i can build spawn for u"
01:02 ronanplayz15: yoooo
01:02 whitefoxhacker: yo
01:03 ronanplayz15  : glenn can i have food plz
01:03 GlennFTW      : bruh use ur commands
01:03 whitefoxhacker: damn sticky keys ;,ap
01:03 whitefoxhacker: lmao*
01:03 whitefoxhacker:  placed a sign @ world: x-55, z-148
  Dᴇᴠᴇʟᴏᴘᴇʀ
  n/a
  1 slot
01:03 whitefoxhacker: uh
01:04 whitefoxhacker: the signs are editable
01:04 GlennFTW      :  placed a sign @ world: x-55, z-148
  Dᴇᴠᴇʟᴏᴘᴇʀ
  n/a
  1 slot
01:04 whitefoxhacker: can i gamemode
01:04 GlennFTW      : the server isn't public yet so its ok..
01:04 GlennFTW      : u should be able ot
01:04 GlennFTW      : to
01:04 whitefoxhacker: i dont have perms
01:04 whitefoxhacker: k
01:05 whitefoxhacker: it ok if i do like a mid size
01:05 GlennFTW      : we just need a spawn
01:05 whitefoxhacker: aight
01:05 GlennFTW      : nothing fancys its a survival server
01:05 whitefoxhacker: is spawn unbreakable for norm players?
01:05 GlennFTW      : i can place npc's and holograms for you if need be
01:05 GlennFTW      : it will be when the server is open
01:06 GlennFTW      : oi ronan
01:06 whitefoxhacker: can i do some redstone shit nothing fancy
01:06 ronanplayz15  : yeh
01:06 GlennFTW      : build yee light house
01:06 GlennFTW      : as long as it doesn't look ugly
01:07 GlennFTW      : it would look good over here
01:07 whitefoxhacker: nvm will take awhile
01:07 ronanplayz15  : BRUHHHHHHHH its 1am im not building my light house rn
01:07 GlennFTW      : cmon
01:07 ronanplayz15  : its 1am and im sick i aint building shit rn
01:07 GlennFTW      : imagine not owning a cape
01:07 ronanplayz15  : i do u jus cant see it
01:08 GlennFTW      : imagine not owning a microsoft minecraft cape
01:08 whitefoxhacker: i honestly dont know how thisll turn out
01:08 ronanplayz15  : whitefox should be able to see it
01:08 whitefoxhacker: i can
01:08 GlennFTW      : im no good at building spawns im just somewhat good at symmetry
01:10 GlennFTW      : ya thats a lunar cape not a minecraft cape
01:10 GlennFTW      : see i dont need no mods and u can see mine
01:10 GlennFTW      : imagine not having
01:10 GlennFTW      : look at it
01:10 ronanplayz15  : is shit lmaoos
01:10 GlennFTW      : behold the glory
01:11 GlennFTW      : lolol
01:11 whitefoxhacker: bro i want the 2016 minecon cape so bad lol
01:11 ronanplayz15  : love the sunglasses lmao
01:11 GlennFTW      : but tbh the best way for you to get a cape in 2024 is to buy an account
01:11 ronanplayz15  : fuck that
01:11 whitefoxhacker: oh ty
01:11 GlennFTW      : thats what imma do to get a minecon cape
01:12 ronanplayz15  : i aint got money to be wasting on an account lmao
01:12 GlennFTW      : only your redbulls and vapes
01:12 ronanplayz15  : and i have to pay bills
01:12 GlennFTW      : i dontttt
01:12 ronanplayz15  : i doooo
01:13 GlennFTW      : W autism
01:13 ronanplayz15  : adult shit D:
01:13 ronanplayz15  : im on the spectrum
01:13 ronanplayz15  : i need to go to the doctors about it tbh
01:13 GlennFTW      : all of my ensurance is free until my dad passes away
01:13 GlennFTW      : all of it
01:13 ronanplayz15  : nice, my dad almost passed away 2 days ago
01:14 whitefoxhacker: that took a dark turn
01:14 GlennFTW      : bc of redbull?
01:14 ronanplayz15  : yeah my dads kinda old and he got rushed to hospital and the doctors said he's ina cute heart failure
01:14 whitefoxhacker: damn
01:14 GlennFTW      : acute heart failure u mean?
01:14 ronanplayz15  : hes like 53
01:15 ronanplayz15  : yeah lmao
01:15 ronanplayz15  : i type too fast
01:15 GlennFTW      : believe it or not 50 is the around the normal age for people to pass
01:15 ronanplayz15  : not in the uk lmao
01:15 GlennFTW      : im fr it is
01:16 GlennFTW      : from 50 - 70 is the average death period for people
01:16 ronanplayz15  : nope uk is 80 years
01:16 ronanplayz15  : he also has a lot of health issues too
01:17 GlennFTW      : o i was talking abt like world-wide people die at about 70 and i'd say in 3rd world countries it drobs prob 30 years
01:17 ronanplayz15  : i wont make it to 60 lmao
01:18 ronanplayz15  : i wasnt even supposed to make it to 16 lmao
01:18 whitefoxhacker: wdym
01:18 ronanplayz15  : suicide
01:19 whitefoxhacker: can i use worldedit to make barriers in a wall shape so players cant just run out of spawn
01:19 GlennFTW      : no they supposed to be able to run out
01:19 whitefoxhacker: would make spawn camping easy
01:19 whitefoxhacker: nono like they cant ruin the terrain
01:19 GlennFTW      : its ok it's a rule so campers will be tempbanned then banned
01:20 GlennFTW      : im going to claim all of this land so players cant build or break here
01:20 whitefoxhacker: ok good
01:20 ronanplayz15  : bruhh i gotta go to the doctors office next week
01:20 whitefoxhacker: cuz i cant see the cherry biome making it 2 mc days
01:21 whitefoxhacker: why do u guys have the same ping
01:21 whitefoxhacker: nvm
01:21 ronanplayz15  : my ping is shit cuz of the weather rn
01:22 whitefoxhacker: my ping goes from w to shit
01:22 ronanplayz15  : urs says 33 rn
01:22 whitefoxhacker: like one second i have 22 the next i have 300
01:22 whitefoxhacker: yeah itll stay stable if there are less ppl in a server
01:23 ronanplayz15  : mines the same tbf
01:23 whitefoxhacker: glenn
01:23 whitefoxhacker: hows this
01:24 GlennFTW      : its good
01:24 whitefoxhacker: thx
01:24 whitefoxhacker: was a quick build
01:24 ronanplayz15  : i fucking hate asthma
01:24 whitefoxhacker: fr
01:25 ronanplayz15  : its so awful
01:25 whitefoxhacker: brb
01:25 GlennFTW      : right click him
01:25 ronanplayz15  : oop
01:26 whitefoxhacker: back
01:27 ronanplayz15  :  placed a sign @ world: x-196, z72
  CO-OWNER
  ronanplayz15
  was here :)
01:27 whitefoxhacker: ronan how u talkin through dc
01:27 GlennFTW      : staff chat
01:27 whitefoxhacker: ah
01:27 ronanplayz15  : glennnnn
01:27 GlennFTW      : :)
01:29 ronanplayz15:  placed a sign @ world: x-196, z72
  CO-OWNER
  ronanplayz15
  was here
01:30 GlennFTW    : we need more than this
01:30 ronanplayz15: he didnt do much
01:30 GlennFTW    : bruh reddit
01:30 ronanplayz15: bruh i am
01:32 ronanplayz15: we neeeed more lmao
01:33 whitefoxhacker: when the new server opening
01:33 whitefoxhacker: feb 2?
01:33 whitefoxhacker: or after that?
01:33 GlennFTW      : after that
01:33 ronanplayz15  : no idea
01:33 GlennFTW      :  placed a sign @ world: x-55, z-157
  community
  chest
01:33 whitefoxhacker: oop sry gtg
01:33 whitefoxhacker: cya
01:33 ronanplayz15  : bye
01:39 GlennFTW      : 1 sec
01:39 GlennFTW      : well xD
01:39 GlennFTW      : soz
01:39 GlennFTW      : this for tests
01:39 ronanplayz15  : HAHAHA i literally said 'well' outloud
01:41 GlennFTW      : try to break spawn
01:41 GlennFTW      : open chest
01:41 GlennFTW      : okay
01:41 GlennFTW      : so
01:42 GlennFTW      : help me look for a good spawn to download
01:42 GlennFTW      : has to be a schematic
01:42 ronanplayz15  : what do i look on?
01:42 ronanplayz15  : like website?
01:42 GlennFTW      : usually schematics are on planet minecraft
01:42 GlennFTW      : world edit schematics
01:42 ronanplayz15  : aight ill look now
01:48 GlennFTW      : way to big
01:49 GlennFTW      : and too old
02:03 ronanplayz15: ah
02:07 GlennFTW    : i know
02:07 GlennFTW    : i know
02:08 ronanplayz15: was confused lmao
02:08 GlennFTW    : antixray
02:08 GlennFTW    : antixray
02:08 ronanplayz15: oh
02:09 GlennFTW    : perfect
02:09 ronanplayz15: i loveee it
02:10 GlennFTW    : oi
02:10 ronanplayz15: yeah#
02:11 GlennFTW    : write the rules pls
02:11 GlennFTW    :  placed a sign @ world: x-885, z-236
  Oᴡɴᴇʀ
  GlennFTW
02:11 ronanplayz15:  placed a sign @ world: x-885, z-246
  [RULE 1]
  Do not Cheat.
02:12 ronanplayz15:  placed a sign @ world: x-885, z-245
  [Rule 2]
  Do Not Harass.
02:12 ronanplayz15:  placed a sign @ world: x-885, z-246
  [RULE 1]
  Do Not Cheat.
02:13 ronanplayz15:  placed a sign @ world: x-885, z-244
  [Rule 3]
  Do Not 
  Grief Spawn.
02:13 ronanplayz15:  placed a sign @ world: x-885, z-243
  [Rule 4] 
  Do Not Spawn Kill.
02:13 GlennFTW    :  placed a sign @ world: x-885, z-235
  Sᴜʙ-Oᴡɴᴇʀ
  ronanplayz15
02:14 ronanplayz15:  placed a sign @ world: x-885, z-242
  [Rule 5]
  Do Not Talk
  About Religion
02:14 GlennFTW    :  placed a sign @ world: x-885, z-234
  Dᴇᴠᴇʟᴏᴘᴇʀ
  n/a
  1 slot
02:14 GlennFTW    :  placed a sign @ world: x-885, z-233
  Aᴅᴍɪɴ
  n/a
  1 slot
02:14 ronanplayz15:  placed a sign @ world: x-885, z-241
  [Rule 6]
  Do Not Talk 
  Sexually
02:15 GlennFTW    :  placed a sign @ world: x-885, z-232
  Mᴏᴅ
  n/a
  1 slot
02:15 GlennFTW    :  placed a sign @ world: x-885, z-231
  Hᴇʟᴘᴇʀ
  n/a
  1 slot
02:15 ronanplayz15:  placed a sign @ world: x-885, z-246
  [Rule 7]
  PG 13+
02:16 ronanplayz15:  placed a sign @ world: x-885, z-245
  [Rule 8]
  NO Baritone.
02:16 ronanplayz15:  placed a sign @ world: x-885, z-242
  [Rule 5]
  Do Not Talk
  About Religion.
02:16 GlennFTW    :  placed a sign @ world: x-885, z-236
  Oᴡɴᴇʀ
  GlennFTW
02:16 ronanplayz15:  placed a sign @ world: x-885, z-241
  [Rule 6]
  Do Not Talk 
  Sexually.
02:17 ronanplayz15:  placed a sign @ world: x-885, z-244
  [Rule 9] 
  Do Not Disrespect
  ANYONE.
02:17 GlennFTW    :  placed a sign @ world: x-885, z-235
  Sᴜʙ-Oᴡɴᴇʀ
  ronanplayz15
02:17 ronanplayz15:  placed a sign @ world: x-885, z-243
  [Rule 10]
  Stealing IS 
  allowed.
02:17 ronanplayz15:  placed a sign @ world: x-885, z-242
  [Rule 11]
  Griefing IS NOT 
  allowed.
02:18 GlennFTW    :  placed a sign @ world: x-885, z-242
  [Rule 11]
  Griefing IS NOT 
  allowed.
02:18 ronanplayz15:  placed a sign @ world: x-885, z-241
  [Rule 12]
02:18 GlennFTW    :  placed a sign @ world: x-885, z-243
  [Rule 10]
  Stealing IS 
  allowed griefing
  is not.
02:18 GlennFTW    :  placed a sign @ world: x-885, z-242
  [Rule 5]
  Do Not Talk
  sexually or about
  religion.
02:19 GlennFTW    :  placed a sign @ world: x-859, z-243
  [balance]
02:19 GlennFTW    :  placed a sign @ world: x-859, z-243
  [balance]
02:19 ronanplayz15:  placed a sign @ world: x-885, z-242
  [Rule 11] 
  Requests for 
  unfair advantage
  leads to BAN
02:20 ronanplayz15:  placed a sign @ world: x-885, z-241
  [Rule 6]
  Dont ask for 
  player commands.
02:21 ronanplayz15:  placed a sign @ world: x-885, z-241
  [Rule 12]
  Refrain from 
  asking about 
  server's plugins
02:22 ronanplayz15: should i put the rest of the rules on this side?
02:22 GlennFTW    : how many more is there
02:23 ronanplayz15: 5
02:23 GlennFTW    : ya
02:24 ronanplayz15:  placed a sign @ world: x-883, z-241
  [Rule 13]
  The End Portal
  remains closed.
02:25 GlennFTW    : ronan come here
02:25 ronanplayz15:  placed a sign @ world: x-883, z-242
  [Rule 14]
  NO Xray or game
  altering texture 
02:25 ronanplayz15: idk where tf u are
02:26 GlennFTW    : ok thats good
02:26 GlennFTW    : wanted to make sure ppv work
02:26 GlennFTW    : pvp
02:26 GlennFTW    : wait
02:27 ronanplayz15: im waiting lmao
02:27 GlennFTW    : hit me
02:28 GlennFTW    : ok 1 sec
02:29 ronanplayz15: imma hop off soon
02:31 ronanplayz15: this infuriates me lmao
02:31 GlennFTW    : you shouldnt be able to hit me i dont get it
02:33 GlennFTW    : ProtectPlayersInLandClaims: PlayerOwnedClaims: false AdministrativeClaims: true AdministrativeSubdivisions: true
02:33 GlennFTW    : and this is a adminclaim
02:33 GlennFTW    : so i dont get it
02:34 ronanplayz15: no idea
02:38 GlennFTW    : ok
02:39 GlennFTW    : come here
02:39 GlennFTW    : ok pvp fixed
02:40 ronanplayz15: lmao we both players again lmao
02:40 GlennFTW    : play
02:40 GlennFTW    : okay
02:41 ronanplayz15: u seen the prison cells lmao?
02:44 GlennFTW    : what to do with these rooms
02:45 GlennFTW    : ?
02:45 GlennFTW    : im gonna log on w my alt brb
02:48 NerfWarrior784: bruh
02:48 NerfWarrior784: come back
02:49 ronanplayz15  : why
02:49 NerfWarrior784: im testing shit
02:49 NerfWarrior784: ok come come
02:50 NerfWarrior784: no stand here
02:50 NerfWarrior784: ok hm
02:50 ronanplayz15  : LMAO i jus realised ur username
02:51 NerfWarrior784: hehe
02:51 ronanplayz15  : not funny bitch lmaoooo
02:51 NerfWarrior784: okay
02:51 NerfWarrior784: come back
02:51 NerfWarrior784: gewd
02:52 NerfWarrior784: so players cant hit players into pit
02:52 ronanplayz15  : i think its time for bed now
02:52 NerfWarrior784: okay
03:16 GlennFTW  : "/help"
