20:17 GlennFTW  : yes
21:43 GlennFTW  : hi
21:45 GlennFTW  : hi
22:25 GlennFTW  : hello
22:27 GlennFTW  : hello
22:52 GlennFTW  : hello
22:58 GlennFTW  : f
23:05 GlennFTW  : h
23:07 GlennFTW  : h
23:11 GlennFTW  : h
23:14 GlennFTW  : h
23:16 GlennFTW  : f
23:17 ronanplayz15: yoyo
23:17 GlennFTW    : we need builders
23:17 ronanplayz15: i dont really know anyone who can build other than u and aiko
23:18 GlennFTW    : well we need builders
23:22 GlennFTW    : f
23:22 GlennFTW    : h
23:29 GlennFTW    : f
23:34 GlennFTW  : f
23:35 GlennFTW  : is the chat good
23:35 ronanplayz15: yeah its good
23:35 GlennFTW    : idk why there is two spaces in the prefix area
23:36 ronanplayz15: its not very noticeable
23:37 GlennFTW    : it is to me
23:37 GlennFTW    : fix
23:37 ronanplayz15: fix it then lmao
23:37 GlennFTW    : shut up
23:38 ronanplayz15: well idk what else u want me to do D:
23:38 GlennFTW    : telling me to fix it isn't doing anything tho innit
23:38 ronanplayz15: sorry
23:38 GlennFTW    : found the problem here we are
23:38 GlennFTW    : maybe
23:40 GlennFTW    : fix
23:40 GlennFTW    : oh wait ok
23:42 GlennFTW  : fix
23:42 GlennFTW  : okay its fixed
23:43 GlennFTW  : notice the rotating tab list
23:43 ronanplayz15: yess i really like it
23:43 GlennFTW    : we need builders
23:43 ronanplayz15: 1 heart plz
23:43 GlennFTW    : go find pls
23:44 ronanplayz15: how am i supposed to find builders?
23:44 GlennFTW    : not sure
23:44 GlennFTW    : maybe on creative servers?
23:44 ronanplayz15: i can have a google but idk if i will be able to find anything lmao
23:46 GlennFTW    : create a reddit post saying we need builders
23:46 GlennFTW    : https://www.minecraftforum.net/forums/minecraft-java-edition/creative-mode/2489226-where-how-do-i-find-skilled-builders
23:46 ronanplayz15: oh good idea
23:47 GlennFTW    : lolol
23:47 GlennFTW    : did it scare you
23:47 GlennFTW    : damn i tried
23:47 GlennFTW    : make sure to link our discord not the server ip address bc its going to change this is a test server
